[01-Jun-2021 13:11:17 Europe/Berlin] PHP Fatal error:  Uncaught ArgumentCountError: Too few arguments to function getUserInfo(), 1 passed in C:\xampp\htdocs\auth\index.php on line 14 and exactly 2 expected in C:\xampp\htdocs\auth\helper\functions.php:4
Stack trace:
#0 C:\xampp\htdocs\auth\index.php(14): getUserInfo('1')
#1 {main}
  thrown in C:\xampp\htdocs\auth\helper\functions.php on line 4
[01-Jun-2021 13:11:30 Europe/Berlin] PHP Warning:  Undefined variable $conn in C:\xampp\htdocs\auth\helper\functions.php on line 7
[01-Jun-2021 13:11:30 Europe/Berlin] PHP Fatal error:  Uncaught Error: Call to a member function prepare() on null in C:\xampp\htdocs\auth\helper\functions.php:7
Stack trace:
#0 C:\xampp\htdocs\auth\index.php(14): getUserInfo('1')
#1 {main}
  thrown in C:\xampp\htdocs\auth\helper\functions.php on line 7
[01-Jun-2021 13:13:49 Europe/Berlin] PHP Warning:  Undefined variable $conn in C:\xampp\htdocs\auth\helper\functions.php on line 7
[01-Jun-2021 13:13:49 Europe/Berlin] PHP Fatal error:  Uncaught Error: Call to a member function prepare() on null in C:\xampp\htdocs\auth\helper\functions.php:7
Stack trace:
#0 C:\xampp\htdocs\auth\index.php(14): getUserInfo('1')
#1 {main}
  thrown in C:\xampp\htdocs\auth\helper\functions.php on line 7
[01-Jun-2021 13:15:54 Europe/Berlin] PHP Fatal error:  Uncaught ArgumentCountError: Too few arguments to function getUserInfo(), 1 passed in C:\xampp\htdocs\auth\index.php on line 14 and exactly 2 expected in C:\xampp\htdocs\auth\helper\functions.php:4
Stack trace:
#0 C:\xampp\htdocs\auth\index.php(14): getUserInfo('1')
#1 {main}
  thrown in C:\xampp\htdocs\auth\helper\functions.php on line 4
